#
# There is insufficient memory for the Java Runtime Environment to continue.
# Native memory allocation (malloc) failed to allocate 32744 bytes for ChunkPool::allocate
# Possible reasons:
#   The system is out of physical RAM or swap space
#   The process is running with CompressedOops enabled, and the Java Heap may be blocking the growth of the native heap
# Possible solutions:
#   Reduce memory load on the system
#   Increase physical memory or swap space
#   Check if swap backing store is full
#   Decrease Java heap size (-Xmx/-Xms)
#   Decrease number of Java threads
#   Decrease Java thread stack sizes (-Xss)
#   Set larger code cache with -XX:ReservedCodeCacheSize=
#   JVM is running with Zero Based Compressed Oops mode in which the Java heap is
#     placed in the first 32GB address space. The Java Heap base address is the
#     maximum limit for the native heap growth. Please use -XX:HeapBaseMinAddress
#     to set the Java Heap base and to place the Java Heap above 32GB virtual address.
# This output file may be truncated or incomplete.
#
#  Out of Memory Error (allocation.cpp:272), pid=23164, tid=0x0000000000005e24
#
# JRE version: Java(TM) SE Runtime Environment (8.0_231-b11) (build 1.8.0_231-b11)
# Java VM: Java HotSpot(TM) 64-Bit Server VM (25.231-b11 mixed mode windows-amd64 compressed oops)
# Failed to write core dump. Minidumps are not enabled by default on client versions of Windows
#

---------------  T H R E A D  ---------------

Current thread (0x000000001e715000):  JavaThread "C1 CompilerThread3" daemon [_thread_in_native, id=24100, stack(0x000000001f2b0000,0x000000001f3b0000)]

Stack: [0x000000001f2b0000,0x000000001f3b0000]
[error occurred during error reporting (printing stack bounds), id 0xc0000005]

Native frames: (J=compiled Java code, j=interpreted, Vv=VM code, C=native code)


Current CompileTask:
C1:    441  422       3       java.net.URLStreamHandler::parseURL (1193 bytes)


---------------  P R O C E S S  ---------------

Java Threads: ( => current thread )
  0x000000001e7be800 JavaThread "Service Thread" daemon [_thread_blocked, id=2860, stack(0x000000001f3b0000,0x000000001f4b0000)]
=>0x000000001e715000 JavaThread "C1 CompilerThread3" daemon [_thread_in_native, id=24100, stack(0x000000001f2b0000,0x000000001f3b0000)]
  0x000000001e70c800 JavaThread "C2 CompilerThread2" daemon [_thread_in_native, id=10888, stack(0x000000001f1b0000,0x000000001f2b0000)]
  0x000000001e707800 JavaThread "C2 CompilerThread1" daemon [_thread_in_native, id=18992, stack(0x000000001f0b0000,0x000000001f1b0000)]
  0x000000001e705800 JavaThread "C2 CompilerThread0" daemon [_thread_in_native, id=21376, stack(0x000000001efb0000,0x000000001f0b0000)]
  0x000000001e703000 JavaThread "Monitor Ctrl-Break" daemon [_thread_in_native, id=5064, stack(0x000000001eeb0000,0x000000001efb0000)]
  0x000000001e684800 JavaThread "Attach Listener" daemon [_thread_blocked, id=20332, stack(0x000000001edb0000,0x000000001eeb0000)]
  0x000000001e6e8000 JavaThread "Signal Dispatcher" daemon [_thread_blocked, id=17628, stack(0x000000001ecb0000,0x000000001edb0000)]
  0x000000001e671000 JavaThread "Finalizer" daemon [_thread_blocked, id=16600, stack(0x000000001eb50000,0x000000001ec50000)]
  0x000000001e670800 JavaThread "Reference Handler" daemon [_thread_blocked, id=23420, stack(0x000000001ea50000,0x000000001eb50000)]
  0x0000000002d82800 JavaThread "main" [_thread_in_native, id=21368, stack(0x0000000002b30000,0x0000000002c30000)]

Other Threads:
  0x000000001c869800 VMThread [stack: 0x000000001e550000,0x000000001e650000] [id=12440]
  0x000000001e7c2800 WatcherThread [stack: 0x000000001f4b0000,0x000000001f5b0000] [id=15352]

VM state:not at safepoint (normal execution)

VM Mutex/Monitor currently owned by a thread: None

heap address: 0x00000006c2000000, size: 4064 MB, Compressed Oops mode: Zero based, Oop shift amount: 3
Narrow klass base: 0x0000000000000000, Narrow klass shift: 3
Compressed class space size: 1073741824 Address: 0x00000007c0000000

Heap:
 PSYoungGen      total 75776K, used 14326K [0x000000076b580000, 0x0000000770a00000, 0x00000007c0000000)
  eden space 65024K, 22% used [0x000000076b580000,0x000000076c37db18,0x000000076f500000)
  from space 10752K, 0% used [0x000000076ff80000,0x000000076ff80000,0x0000000770a00000)
  to   space 10752K, 0% used [0x000000076f500000,0x000000076f500000,0x000000076ff80000)
 ParOldGen       total 173568K, used 0K [0x00000006c2000000, 0x00000006cc980000, 0x000000076b580000)
  object space 173568K, 0% used [0x00000006c2000000,0x00000006c2000000,0x00000006cc980000)
 Metaspace       used 6225K, capacity 6408K, committed 6656K, reserved 1056768K
  class space    used 674K, capacity 732K, committed 768K, reserved 1048576K

Card table byte_map: [0x0000000012240000,0x0000000012a40000] byte_map_base: 0x000000000ec30000

Marking Bits: (ParMarkBitMap*) 0x000000005d206d90
 Begin Bits: [0x0000000013790000, 0x0000000017710000)
 End Bits:   [0x0000000017710000, 0x000000001b690000)

Polling page: 0x0000000002a40000

CodeCache: size=245760Kb used=2096Kb max_used=2096Kb free=243663Kb
 bounds [0x0000000002e80000, 0x00000000030f0000, 0x0000000011e80000]
 total_blobs=729 nmethods=417 adapters=223
 compilation: enabled

Compilation events (10 events):
Event: 0.432 Thread 0x000000001e715000 nmethod 416 0x0000000003082f50 code [0x00000000030830c0, 0x00000000030832e8]
Event: 0.432 Thread 0x000000001e715000  417       3       java.net.URLStreamHandler::toExternalForm (219 bytes)
Event: 0.433 Thread 0x000000001e715000 nmethod 417 0x0000000003083390 code [0x00000000030836e0, 0x0000000003086ce8]
Event: 0.433 Thread 0x000000001e715000  418       3       sun.misc.PerfCounter::addElapsedTimeFrom (10 bytes)
Event: 0.433 Thread 0x000000001e715000 nmethod 418 0x0000000003087dd0 code [0x0000000003087f80, 0x00000000030886d8]
Event: 0.435 Thread 0x000000001e715000  419       3       java.util.Vector::ensureCapacityHelper (16 bytes)
Event: 0.436 Thread 0x000000001e715000 nmethod 419 0x0000000003088a50 code [0x0000000003088bc0, 0x0000000003088da8]
Event: 0.437 Thread 0x000000001e715000  421       3       java.lang.ref.WeakReference::<init> (7 bytes)
Event: 0.437 Thread 0x000000001e715000 nmethod 421 0x0000000003088e50 code [0x0000000003088fc0, 0x0000000003089270]
Event: 0.437 Thread 0x000000001e715000  422       3       java.net.URLStreamHandler::parseURL (1193 bytes)

GC Heap History (0 events):
No events

Deoptimization events (0 events):
No events

Classes redefined (0 events):
No events

Internal exceptions (6 events):
Event: 0.031 Thread 0x0000000002d82800 Exception <a 'java/lang/NoSuchMethodError': Method sun.misc.Unsafe.defineClass(Ljava/lang/String;[BII)Ljava/lang/Class; name or signature does not match> (0x000000076b587cb8) thrown at [C:\re\workspace\8-2-build-windows-amd64-cygwin\jdk8u231\13620\hotspot
Event: 0.031 Thread 0x0000000002d82800 Exception <a 'java/lang/NoSuchMethodError': Method sun.misc.Unsafe.prefetchRead(Ljava/lang/Object;J)V name or signature does not match> (0x000000076b587fa0) thrown at [C:\re\workspace\8-2-build-windows-amd64-cygwin\jdk8u231\13620\hotspot\src\share\vm\prim
Event: 0.153 Thread 0x0000000002d82800 Exception <a 'java/security/PrivilegedActionException'> (0x000000076bb89c18) thrown at [C:\re\workspace\8-2-build-windows-amd64-cygwin\jdk8u231\13620\hotspot\src\share\vm\prims\jvm.cpp, line 1502]
Event: 0.153 Thread 0x0000000002d82800 Exception <a 'java/security/PrivilegedActionException'> (0x000000076bb8a010) thrown at [C:\re\workspace\8-2-build-windows-amd64-cygwin\jdk8u231\13620\hotspot\src\share\vm\prims\jvm.cpp, line 1502]
Event: 0.154 Thread 0x0000000002d82800 Exception <a 'java/security/PrivilegedActionException'> (0x000000076bb8e108) thrown at [C:\re\workspace\8-2-build-windows-amd64-cygwin\jdk8u231\13620\hotspot\src\share\vm\prims\jvm.cpp, line 1502]
Event: 0.154 Thread 0x0000000002d82800 Exception <a 'java/security/PrivilegedActionException'> (0x000000076bb8e500) thrown at [C:\re\workspace\8-2-build-windows-amd64-cygwin\jdk8u231\13620\hotspot\src\share\vm\prims\jvm.cpp, line 1502]

Events (10 events):
Event: 0.437 loading class org/eclipse/sisu/inject/MildKeys$Soft
Event: 0.437 loading class org/eclipse/sisu/inject/MildKeys$Soft done
Event: 0.437 loading class org/eclipse/sisu/inject/MildValues$Weak
Event: 0.437 loading class org/eclipse/sisu/inject/MildValues$Weak done
Event: 0.437 loading class org/eclipse/sisu/inject/MildKeys$Weak
Event: 0.437 loading class org/eclipse/sisu/inject/MildKeys$Weak done
Event: 0.438 loading class org/eclipse/sisu/inject/ImplicitBindings
Event: 0.438 loading class org/eclipse/sisu/inject/ImplicitBindings done
Event: 0.439 loading class org/codehaus/plexus/DefaultPlexusContainer$ContainerModule
Event: 0.439 loading class org/codehaus/plexus/DefaultPlexusContainer$ContainerModule done


Dynamic libraries:
0x00007ff7e2960000 - 0x00007ff7e2997000 	C:\Program Files\Java\jdk1.8.0_231\bin\java.exe
0x00007fff19a90000 - 0x00007fff19c85000 	C:\WINDOWS\SYSTEM32\ntdll.dll
0x00007fff197d0000 - 0x00007fff1988d000 	C:\WINDOWS\System32\KERNEL32.DLL
0x00007fff173e0000 - 0x00007fff176a8000 	C:\WINDOWS\System32\KERNELBASE.dll
0x00007fff18a40000 - 0x00007fff18aec000 	C:\WINDOWS\System32\ADVAPI32.dll
0x00007fff189a0000 - 0x00007fff18a3e000 	C:\WINDOWS\System32\msvcrt.dll
0x00007fff180d0000 - 0x00007fff1816b000 	C:\WINDOWS\System32\sechost.dll
0x00007fff17e50000 - 0x00007fff17f7b000 	C:\WINDOWS\System32\RPCRT4.dll
0x00007fff198b0000 - 0x00007fff19a50000 	C:\WINDOWS\System32\USER32.dll
0x00007fff176b0000 - 0x00007fff176d2000 	C:\WINDOWS\System32\win32u.dll
0x00007fff18ff0000 - 0x00007fff1901a000 	C:\WINDOWS\System32\GDI32.dll
0x00007fff17990000 - 0x00007fff17a9b000 	C:\WINDOWS\System32\gdi32full.dll
0x00007fff176e0000 - 0x00007fff1777d000 	C:\WINDOWS\System32\msvcp_win.dll
0x00007fff177e0000 - 0x00007fff178e0000 	C:\WINDOWS\System32\ucrtbase.dll
0x00007fff02820000 - 0x00007fff02aba000 	C:\WINDOWS\WinSxS\amd64_microsoft.windows.common-controls_6595b64144ccf1df_6.0.19041.844_none_ca00b6081b84eb1d\COMCTL32.dll
0x00007fff180a0000 - 0x00007fff180d0000 	C:\WINDOWS\System32\IMM32.DLL
0x000000005d290000 - 0x000000005d362000 	C:\Program Files\Java\jdk1.8.0_231\jre\bin\msvcr100.dll
0x000000005c9e0000 - 0x000000005d286000 	C:\Program Files\Java\jdk1.8.0_231\jre\bin\server\jvm.dll
0x00007fff18bf0000 - 0x00007fff18bf8000 	C:\WINDOWS\System32\PSAPI.DLL
0x00007fff0fac0000 - 0x00007fff0faca000 	C:\WINDOWS\SYSTEM32\VERSION.dll
0x00007fff12af0000 - 0x00007fff12af9000 	C:\WINDOWS\SYSTEM32\WSOCK32.dll
0x00007fff02ef0000 - 0x00007fff02f17000 	C:\WINDOWS\SYSTEM32\WINMM.dll
0x00007fff18af0000 - 0x00007fff18b5b000 	C:\WINDOWS\System32\WS2_32.dll
0x00007ffefe270000 - 0x00007ffefe27f000 	C:\Program Files\Java\jdk1.8.0_231\jre\bin\verify.dll
0x00007ffefb330000 - 0x00007ffefb359000 	C:\Program Files\Java\jdk1.8.0_231\jre\bin\java.dll
0x00007ffed6380000 - 0x00007ffed63a3000 	C:\Program Files\Java\jdk1.8.0_231\jre\bin\instrument.dll
0x00007ffefb310000 - 0x00007ffefb326000 	C:\Program Files\Java\jdk1.8.0_231\jre\bin\zip.dll
0x00007fff19020000 - 0x00007fff19762000 	C:\WINDOWS\System32\SHELL32.dll
0x00007fff152f0000 - 0x00007fff15a81000 	C:\WINDOWS\SYSTEM32\windows.storage.dll
0x00007fff17af0000 - 0x00007fff17e45000 	C:\WINDOWS\System32\combase.dll
0x00007fff16c40000 - 0x00007fff16c6c000 	C:\WINDOWS\SYSTEM32\Wldp.dll
0x00007fff18c00000 - 0x00007fff18cae000 	C:\WINDOWS\System32\SHCORE.dll
0x00007fff18940000 - 0x00007fff18995000 	C:\WINDOWS\System32\shlwapi.dll
0x00007fff17110000 - 0x00007fff1712f000 	C:\WINDOWS\SYSTEM32\profapi.dll
0x00007ffee88a0000 - 0x00007ffee88ba000 	D:\idea\IntelliJ IDEA 2019.2.4\bin\breakgen64.dll
0x00007ffefb2f0000 - 0x00007ffefb30a000 	C:\Program Files\Java\jdk1.8.0_231\jre\bin\net.dll
0x00007fff169b0000 - 0x00007fff16a1a000 	C:\WINDOWS\system32\mswsock.dll
0x00007fff16b80000 - 0x00007fff16b98000 	C:\WINDOWS\SYSTEM32\CRYPTSP.dll
0x00007fff162e0000 - 0x00007fff16314000 	C:\WINDOWS\system32\rsaenh.dll
0x00007fff171d0000 - 0x00007fff171f7000 	C:\WINDOWS\System32\bcrypt.dll
0x00007fff17090000 - 0x00007fff170be000 	C:\WINDOWS\SYSTEM32\USERENV.dll
0x00007fff17200000 - 0x00007fff17280000 	C:\WINDOWS\System32\bcryptprimitives.dll
0x00007fff16ba0000 - 0x00007fff16bac000 	C:\WINDOWS\SYSTEM32\CRYPTBASE.dll
0x00007fff16650000 - 0x00007fff1668b000 	C:\WINDOWS\SYSTEM32\IPHLPAPI.DLL
0x00007fff18850000 - 0x00007fff18858000 	C:\WINDOWS\System32\NSI.dll
0x00007fff0ff30000 - 0x00007fff0ff47000 	C:\WINDOWS\SYSTEM32\dhcpcsvc6.DLL
0x00007fff0fdf0000 - 0x00007fff0fe0d000 	C:\WINDOWS\SYSTEM32\dhcpcsvc.DLL
0x00007fff16690000 - 0x00007fff1675c000 	C:\WINDOWS\SYSTEM32\DNSAPI.dll
0x00007ffefb2d0000 - 0x00007ffefb2e2000 	C:\Program Files\Java\jdk1.8.0_231\jre\bin\nio.dll
0x00007fff11460000 - 0x00007fff1146a000 	C:\Users\lenovo\AppData\Local\Temp\jansi-1.17.1-1408587121059632628.dll
0x00007fff11450000 - 0x00007fff1145a000 	C:\Users\lenovo\AppData\Local\Temp\jansi-1.17.1-6329974540401333421.dll

VM Arguments:
jvm_args: -Dmaven.multiModuleProjectDirectory=D:\idea\2021045\springcloud-food\springcloud-eureka -Dmaven.home=D:\maven\apache-maven-3.5.4 -Dclassworlds.conf=D:\maven\apache-maven-3.5.4\bin\m2.conf -Dmaven.ext.class.path=D:\idea\IntelliJ IDEA 2019.2.4\plugins\maven\lib\maven-event-listener.jar -javaagent:D:\idea\IntelliJ IDEA 2019.2.4\lib\idea_rt.jar=52416:D:\idea\IntelliJ IDEA 2019.2.4\bin -Dfile.encoding=UTF-8 
java_command: org.codehaus.classworlds.Launcher -Didea.version2019.2.4 -s D:\maven\apache-maven-3.5.4\conf\settings.xml clean
java_class_path (initial): D:\maven\apache-maven-3.5.4\boot\plexus-classworlds-2.5.2.jar;D:\idea\IntelliJ IDEA 2019.2.4\lib\idea_rt.jar
Launcher Type: SUN_STANDARD

Environment Variables:
JAVA_HOME=C:\Program Files\Java\jdk1.8.0_231
CLASSPATH=.;C:\Program Files\Java\jdk1.8.0_231\lib;C:\Program Files\Java\jdk1.8.0_231\lib\tools.jar
PATH=C:\Program Files\Java\jdk1.8.0_231\bin;D:\Oracle\product\11.2.0\dbhome_1\bin;C:\Program Files (x86)\Common Files\Oracle\Java\javapath;C:\WINDOWS\system32;C:\WINDOWS;C:\WINDOWS\System32\Wbem;C:\WINDOWS\System32\WindowsPowerShell\v1.0\;C:\WINDOWS\System32\OpenSSH\;D:\Mysql\MySQL Server 5.1\bin;D:\maven\apache-maven-3.5.4\bin\;C:\Program Files\Java\jdk1.8.0_231\bin;C:\WINDOWS\system32;C:\WINDOWS;C:\WINDOWS\System32\Wbem;C:\WINDOWS\System32\WindowsPowerShell\v1.0\;C:\WINDOWS\System32\OpenSSH\;D:\svn\bin;D:\svn\TortoiseSVN\bin;D:\elasticsearch-6.5.4\Node\;C:\Users\lenovo\AppData\Local\Microsoft\WindowsApps;C:\Users\lenovo\AppData\Roaming\npm
USERNAME=lenovo
OS=Windows_NT
PROCESSOR_IDENTIFIER=Intel64 Family 6 Model 165 Stepping 2, GenuineIntel



---------------  S Y S T E M  ---------------

OS: Windows 10.0 , 64 bit Build 19041 (10.0.19041.928)

CPU:total 8 (initial active 8) (4 cores per cpu, 2 threads per core) family 6 model 165 stepping 2, cmov, cx8, fxsr, mmx, sse, sse2, sse3, ssse3, sse4.1, sse4.2, popcnt, avx, avx2, aes, clmul, erms, 3dnowpref, lzcnt, ht, tsc, tscinvbit, bmi1, bmi2, adx

Memory: 4k page, physical 16642356k(1874444k free), swap 29749424k(3200k free)

vm_info: Java HotSpot(TM) 64-Bit Server VM (25.231-b11) for windows-amd64 JRE (1.8.0_231-b11), built on Oct  5 2019 03:11:30 by "java_re" with MS VC++ 10.0 (VS2010)

time: Wed May 12 19:23:23 2021
timezone: 中国标准时间
elapsed time: 0 seconds (0d 0h 0m 0s)

